info: setup
tick: 1, 2111
pack: 33.86315,-0.006998538,0
cells: 3.409086,3.404185,3.33821,3.404939,3.40984,3.410594,3.398907,3.404185,3.405316,3.268842
temps: 32.79653,33.32418,25.34615
info: SM event: norm_v
info: 	leaving: <EvalState object at 20015540>
info: 	entering: <NormalState object at 200155a0>
tick: 2, 2361
tick: 3, 2611
pack: 33.86315,33.04534,-0.01688
tick: 4, 2861
tick: 5, 3111
pack: 33.86315,33.21681,-0.02532
tick: 6, 3361
tick: 7, 3611
pack: 33.86315,33.16782,-0.01688
tick: 8, 3861
tick: 9, 4111
pack: 33.86315,33.06634,-0.02532
tick: 10, 4361
tick: 11, 4611
pack: 33.86315,33.17307,-0.02532
tick: 12, 4861
tick: 13, 5111
pack: 33.86315,33.14682,-0.02532
tick: 14, 5377
tick: 15, 5627
pack: 33.86315,33.20106,-0.02532
tick: 16, 5877
tick: 17, 6127
pack: 33.86315,33.19931,-0.02532
tick: 18, 6377
tick: 19, 6627
pack: 33.86315,33.0156,-0.02532
tick: 20, 6877
tick: 21, 7127
pack: 33.86164,33.2518,-0.02532
cells: 3.409086,3.403808,3.337833,3.404562,3.409463,3.410594,3.398907,3.403808,3.405316,3.268842
temps: 32.79653,33.32418,25.34615
tick: 22, 7377
tick: 23, 7627
pack: 33.86315,33.21331,-0.01688
tick: 24, 7877
tick: 25, 8127
pack: 33.86315,33.2413,-0.01688
tick: 26, 8377
tick: 27, 8627
pack: 33.86315,32.9911,-0.02532
tick: 28, 8877
tick: 29, 9127
pack: 33.86315,33.2273,-0.02532
tick: 30, 9377
tick: 31, 9627
pack: 33.86315,33.24655,-0.02532
tick: 32, 9877
tick: 33, 10127
pack: 33.86315,33.16257,-0.02532
tick: 34, 10377
tick: 35, 10627
pack: 33.86315,33.21856,-0.02532
tick: 36, 10877
tick: 37, 11127
pack: 33.86315,33.12582,-0.02532
tick: 38, 11377
tick: 39, 11627
pack: 33.86315,33.08208,-0.02532
tick: 40, 11877
tick: 41, 12127
pack: 33.86014,33.2623,-0.01688
cells: 3.409086,3.404185,3.33821,3.404562,3.40984,3.410594,3.39853,3.404185,3.405316,3.268842
temps: 32.79653,33.2603,25.34615
tick: 42, 12377
tick: 43, 12627
pack: 33.86315,33.08558,-0.02532
tick: 44, 12877
tick: 45, 13127
pack: 33.86315,33.15907,-0.01688
tick: 46, 13377
tick: 47, 13627
pack: 33.86315,33.08033,-0.02532
tick: 48, 13877
tick: 49, 14127
pack: 33.86315,33.19056,-0.01688
tick: 50, 14377
tick: 51, 14627
pack: 33.86315,33.02259,-0.01688
tick: 52, 14877
tick: 53, 15127
pack: 33.86315,33.15382,-0.02532
tick: 54, 15377
tick: 55, 15627
pack: 33.86315,33.22381,-0.02532
tick: 56, 15877
tick: 57, 16127
pack: 33.86315,33.2378,-0.02532
tick: 58, 16377
tick: 59, 16627
pack: 33.86315,33.22905,-0.01688
tick: 60, 16877
tick: 61, 17127
pack: 33.86315,33.14507,-0.01688
cells: 3.409086,3.404185,3.337833,3.404939,3.40984,3.410594,3.398907,3.404185,3.405316,3.269219
temps: 32.79653,33.2603,25.34615
tick: 62, 17377
tick: 63, 17627
pack: 33.86164,33.16082,-0.02532
tick: 64, 17877
tick: 65, 18127
pack: 33.86164,33.19581,-0.02532
tick: 66, 18377
tick: 67, 18627
pack: 33.86164,32.99635,-0.02532
tick: 68, 18877
tick: 69, 19127
pack: 33.86164,32.95611,-0.01688
tick: 70, 19377
tick: 71, 19627
pack: 33.86164,33.15032,-0.02532
tick: 72, 19877
tick: 73, 20127
pack: 33.86164,32.99285,-0.01688
tick: 74, 20377
tick: 75, 20627
pack: 33.86164,33.17481,-0.02532
tick: 76, 20877
tick: 77, 21127
pack: 33.86164,33.06109,-0.01688
tick: 78, 21377
tick: 79, 21627
pack: 33.86164,33.10658,-0.02532
tick: 80, 21877
tick: 81, 22127
pack: 33.86466,33.19406,-0.02532
cells: 3.408332,3.403808,3.337456,3.404185,3.40984,3.410594,3.398907,3.404185,3.405316,3.268842
temps: 32.79653,33.2603,25.34615
tick: 82, 22377
tick: 83, 22627
pack: 33.86164,33.13632,-0.02532
tick: 84, 22877
tick: 85, 23127
pack: 33.86164,33.19406,-0.02532
tick: 86, 23418
tick: 87, 23668
pack: 33.86164,33.13807,-0.02532
tick: 88, 23918
tick: 89, 24168
pack: 33.86164,32.99285,-0.01688
tick: 90, 24418
tick: 91, 24668
pack: 33.86164,33.05934,-0.02532
tick: 92, 24918
tick: 93, 25168
pack: 33.86164,33.12757,-0.02532
tick: 94, 25418
tick: 95, 25668
pack: 33.86164,33.18356,-0.02532
tick: 96, 25918
tick: 97, 26168
pack: 33.86164,33.12757,-0.01688
tick: 98, 26418
tick: 99, 26668
pack: 33.86164,33.2203,-0.02532
tick: 100, 26918
tick: 101, 27168
pack: 33.86466,33.18356,-0.02532
cells: 3.409086,3.404185,3.33821,3.404939,3.40984,3.410594,3.398907,3.404185,3.405316,3.269596
temps: 32.79653,33.2603,25.34615
tick: 102, 27418
tick: 103, 27668
pack: 33.86466,33.0156,-0.02532
tick: 104, 27918
tick: 105, 28168
pack: 33.86466,33.16082,-0.02532
tick: 106, 28418
tick: 107, 28668
pack: 33.86466,33.04184,-0.02532
tick: 108, 28918
tick: 109, 29168
pack: 33.86466,33.13982,-0.01688
tick: 110, 29418
tick: 111, 29668
pack: 33.86466,33.09608,-0.02532
tick: 112, 29918
tick: 113, 30168
pack: 33.86466,33.01385,-0.02532
tick: 114, 30418
tick: 115, 30668
pack: 33.86466,32.9981,-0.02532
tick: 116, 30918
tick: 117, 31168
pack: 33.86466,33.19581,-0.02532
tick: 118, 31418
tick: 119, 31668
pack: 33.86466,33.23955,-0.01688
tick: 120, 31918
tick: 121, 32168
pack: 33.86315,33.21331,-0.02532
cells: 3.409086,3.404185,3.33821,3.404562,3.40984,3.411348,3.398907,3.404185,3.405316,3.269596
temps: 32.79653,33.24751,25.34615
